#
# A fatal error has been detected by the Java Runtime Environment:
#
#  EXCEPTION_ACCESS_VIOLATION (0xc0000005) at pc=0x000000005b573e67, pid=5488, tid=0x00000000000018bc
#
# JRE version: Java(TM) SE Runtime Environment (8.0_162-b12) (build 1.8.0_162-b12)
# Java VM: Java HotSpot(TM) 64-Bit Server VM (25.162-b12 mixed mode windows-amd64 compressed oops)
# Problematic frame:
# V  [jvm.dll+0x213e67]
#
# Failed to write core dump. Minidumps are not enabled by default on client versions of Windows
#
# If you would like to submit a bug report, please visit:
#   http://bugreport.java.com/bugreport/crash.jsp
#

---------------  T H R E A D  ---------------

Current thread (0x00000000176fc800):  JavaThread "JMX server connection timeout 67" daemon [_thread_in_vm, id=6332, stack(0x000000001cd60000,0x000000001ce60000)]

siginfo: ExceptionCode=0xc0000005, writing address 0x000000001ce59620

Registers:
RAX=0x000000001ce59620, RBX=0x0000000000000007, RCX=0x0000000000006000, RDX=0x0000000000000006
RSP=0x000000001ce5f620, RBP=0x0000000000000000, RSI=0x000000001ce5f620, RDI=0x0000000000000007
R8 =0x0000000000000006, R9 =0x0000000017a56240, R10=0x0000000014fbd4c0, R11=0x000000001cd6a148
R12=0x0000000017a56240, R13=0x00000000176fc800, R14=0x000000001ce5f6e8, R15=0x0000000014fbd4c0
RIP=0x000000005b573e67, EFLAGS=0x0000000000010202

Top of Stack: (sp=0x000000001ce5f620)
0x000000001ce5f620:   0000000000000000 00000001000069a0
0x000000001ce5f630:   00000000176fc800 0000000017a56240
0x000000001ce5f640:   00000000ffffffff 000000005b574d97
0x000000001ce5f650:   000000001ce5f750 0000000014fbd4c0
0x000000001ce5f660:   00000000176fc800 000000005b420483
0x000000001ce5f670:   000000001ce5f6b0 00000000176fc800
0x000000001ce5f680:   000000001ce5f740 00000000176fc800
0x000000001ce5f690:   0000000014fbd4c0 00000000176fc800
0x000000001ce5f6a0:   0000000003333be0 00000000176fc800
0x000000001ce5f6b0:   0000000014fbd4c0 00000000176fc800
0x000000001ce5f6c0:   0000000014fbd4c0 00000000176fc800
0x000000001ce5f6d0:   0000000000000001 0000000014fbd4c0
0x000000001ce5f6e0:   00000000176fc800 00000000194661f0
0x000000001ce5f6f0:   00000000176fc800 000000005b421bed
0x000000001ce5f700:   000000001ce5fa08 00000001000069a0
0x000000001ce5f710:   00000001000069a0 00007ffcf1738be7 

Instructions: (pc=0x000000005b573e67)
0x000000005b573e47:   48 89 6c 24 30 33 ed 66 90 e8 ab 3f 08 00 ff c3
0x000000005b573e57:   48 63 c8 48 8b c6 48 0f af cf 48 ff c7 48 2b c1
0x000000005b573e67:   89 28 48 63 c3 48 3b 05 65 68 59 00 7e db 48 8b
0x000000005b573e77:   6c 24 30 48 8b 5c 24 38 48 8b 74 24 40 48 83 c4 


Register to memory mapping:

RAX=0x000000001ce59620 is pointing into the stack for thread: 0x00000000176fc800
RBX=0x0000000000000007 is an unknown value
RCX=0x0000000000006000 is an unknown value
RDX=0x0000000000000006 is an unknown value
RSP=0x000000001ce5f620 is pointing into the stack for thread: 0x00000000176fc800
RBP=0x0000000000000000 is an unknown value
RSI=0x000000001ce5f620 is pointing into the stack for thread: 0x00000000176fc800
RDI=0x0000000000000007 is an unknown value
R8 =0x0000000000000006 is an unknown value
R9 =0x0000000017a56240 is an unknown value
R10={method} {0x0000000014fbd4c8} 'run' '()V' in 'java/lang/Thread'
R11=0x000000001cd6a148 is pointing into the stack for thread: 0x00000000176fc800
R12=0x0000000017a56240 is an unknown value
R13=0x00000000176fc800 is a thread
R14=0x000000001ce5f6e8 is pointing into the stack for thread: 0x00000000176fc800
R15={method} {0x0000000014fbd4c8} 'run' '()V' in 'java/lang/Thread'


Stack: [0x000000001cd60000,0x000000001ce60000],  sp=0x000000001ce5f620,  free space=1021k
Native frames: (J=compiled Java code, j=interpreted, Vv=VM code, C=native code)


---------------  P R O C E S S  ---------------

Java Threads: ( => current thread )
=>0x00000000176fc800 JavaThread "JMX server connection timeout 67" daemon [_thread_in_vm, id=6332, stack(0x000000001cd60000,0x000000001ce60000)]
  0x00000000176fa800 JavaThread "RMI TCP Connection(3)-127.0.0.1" daemon [_thread_in_native, id=11664, stack(0x000000001c960000,0x000000001ca60000)]
  0x00000000176f9800 JavaThread "spring.cloud.inetutils" daemon [_thread_blocked, id=1292, stack(0x000000001c060000,0x000000001c160000)]
  0x00000000176fb000 JavaThread "container-0" [_thread_blocked, id=10892, stack(0x000000001b860000,0x000000001b960000)]
  0x00000000176f7800 JavaThread "ContainerBackgroundProcessor[StandardEngine[Tomcat]]" daemon [_thread_blocked, id=8408, stack(0x000000001b760000,0x000000001b860000)]
  0x00000000176fc000 JavaThread "localhost-startStop-1" daemon [_thread_blocked, id=1320, stack(0x000000001b460000,0x000000001b560000)]
  0x00000000176f8000 JavaThread "Tomcat-startStop-1" daemon [_thread_blocked, id=3228, stack(0x000000001b360000,0x000000001b460000)]
  0x00000000177d0800 JavaThread "RMI TCP Connection(2)-127.0.0.1" daemon [_thread_in_native, id=4532, stack(0x0000000018590000,0x0000000018690000)]
  0x00000000177cd800 JavaThread "RMI Scheduler(0)" daemon [_thread_blocked, id=2800, stack(0x0000000018490000,0x0000000018590000)]
  0x000000001774c000 JavaThread "RMI TCP Connection(1)-127.0.0.1" daemon [_thread_in_native, id=3460, stack(0x0000000018390000,0x0000000018490000)]
  0x000000001773c800 JavaThread "RMI TCP Accept-0" daemon [_thread_in_native, id=1940, stack(0x0000000018190000,0x0000000018290000)]
  0x0000000017735000 JavaThread "RMI TCP Accept-60487" daemon [_thread_in_native, id=3740, stack(0x0000000018090000,0x0000000018190000)]
  0x0000000017723800 JavaThread "RMI TCP Accept-0" daemon [_thread_in_native, id=11548, stack(0x0000000017f90000,0x0000000018090000)]
  0x00000000174eb800 JavaThread "Service Thread" daemon [_thread_blocked, id=11636, stack(0x0000000017e90000,0x0000000017f90000)]
  0x0000000017479000 JavaThread "C1 CompilerThread2" daemon [_thread_blocked, id=8624, stack(0x0000000017d90000,0x0000000017e90000)]
  0x0000000017400800 JavaThread "C2 CompilerThread1" daemon [_thread_blocked, id=9584, stack(0x0000000017c90000,0x0000000017d90000)]
  0x0000000017464800 JavaThread "C2 CompilerThread0" daemon [_thread_blocked, id=5328, stack(0x0000000017b90000,0x0000000017c90000)]
  0x0000000017473000 JavaThread "Monitor Ctrl-Break" daemon [_thread_in_native, id=8676, stack(0x0000000017a90000,0x0000000017b90000)]
  0x000000001595c800 JavaThread "Attach Listener" daemon [_thread_blocked, id=992, stack(0x0000000017190000,0x0000000017290000)]
  0x0000000016cd3800 JavaThread "Signal Dispatcher" daemon [_thread_blocked, id=8740, stack(0x0000000017090000,0x0000000017190000)]
  0x000000001591b000 JavaThread "Finalizer" daemon [_thread_blocked, id=6128, stack(0x0000000016b90000,0x0000000016c90000)]
  0x0000000003119800 JavaThread "Reference Handler" daemon [_thread_blocked, id=8868, stack(0x0000000016a90000,0x0000000016b90000)]
  0x0000000003022800 JavaThread "main" [_thread_in_vm, id=8796, stack(0x0000000002f20000,0x0000000003020000)]

Other Threads:
  0x00000000158f7000 VMThread [stack: 0x0000000016990000,0x0000000016a90000] [id=8028]
  0x0000000017741800 WatcherThread [stack: 0x0000000018290000,0x0000000018390000] [id=11140]

VM state:not at safepoint (normal execution)

VM Mutex/Monitor currently owned by a thread: None

Heap:
 PSYoungGen      total 71680K, used 10412K [0x00000000eb180000, 0x00000000f0280000, 0x0000000100000000)
  eden space 62976K, 3% used [0x00000000eb180000,0x00000000eb3eba30,0x00000000eef00000)
  from space 8704K, 91% used [0x00000000eef00000,0x00000000ef6bf8a8,0x00000000ef780000)
  to   space 6144K, 0% used [0x00000000ef780000,0x00000000ef780000,0x00000000efd80000)
 ParOldGen       total 31744K, used 24376K [0x00000000c1400000, 0x00000000c3300000, 0x00000000eb180000)
  object space 31744K, 76% used [0x00000000c1400000,0x00000000c2bce048,0x00000000c3300000)
 Metaspace       used 40584K, capacity 42610K, committed 42880K, reserved 1085440K
  class space    used 5547K, capacity 5902K, committed 6016K, reserved 1048576K

Card table byte_map: [0x00000000126e0000,0x00000000128e0000] byte_map_base: 0x00000000120d6000

Marking Bits: (ParMarkBitMap*) 0x000000005bb80860
 Begin Bits: [0x0000000012e30000, 0x0000000013de0000)
 End Bits:   [0x0000000013de0000, 0x0000000014d90000)

Polling page: 0x0000000000c90000

CodeCache: size=245760Kb used=9064Kb max_used=9085Kb free=236695Kb
 bounds [0x0000000003320000, 0x0000000003c00000, 0x0000000012320000]
 total_blobs=4882 nmethods=4416 adapters=376
 compilation: enabled

Compilation events (10 events):
Event: 24.576 Thread 0x0000000017479000 4470       1       com.sun.jersey.core.spi.component.AnnotatedContext::setAccessibleObject (6 bytes)
Event: 24.576 Thread 0x0000000017479000 nmethod 4470 0x0000000003750e50 code [0x0000000003750fa0, 0x00000000037510d0]
Event: 24.579 Thread 0x0000000017479000 4471       1       com.sun.jersey.core.reflection.MethodList$2::keep (18 bytes)
Event: 24.580 Thread 0x0000000017479000 nmethod 4471 0x00000000037509d0 code [0x0000000003750b40, 0x0000000003750ce8]
Event: 24.580 Thread 0x0000000017479000 4472       1       com.sun.jersey.core.reflection.AnnotatedMethod::getParameterTypes (8 bytes)
Event: 24.580 Thread 0x0000000017479000 nmethod 4472 0x0000000003750610 code [0x0000000003750780, 0x00000000037508e8]
Event: 24.584 Thread 0x0000000017479000 4473       1       com.sun.jersey.core.reflection.AnnotatedMethod::getMethod (5 bytes)
Event: 24.585 Thread 0x0000000017479000 nmethod 4473 0x0000000003750350 code [0x00000000037504a0, 0x00000000037505b0]
Event: 24.588 Thread 0x0000000017479000 4474   !   1       com.sun.proxy.$Proxy103::annotationType (29 bytes)
Event: 24.589 Thread 0x0000000017479000 nmethod 4474 0x0000000003775d10 code [0x0000000003775e80, 0x00000000037760f8]

GC Heap History (10 events):
Event: 16.148 GC heap before
{Heap before GC invocations=15 (full 1):
 PSYoungGen      total 71680K, used 39460K [0x00000000eb180000, 0x00000000f0280000, 0x0000000100000000)
  eden space 62976K, 57% used [0x00000000eb180000,0x00000000ed497620,0x00000000eef00000)
  from space 8704K, 40% used [0x00000000eef00000,0x00000000ef271c60,0x00000000ef780000)
  to   space 6144K, 0% used [0x00000000ef780000,0x00000000ef780000,0x00000000efd80000)
 ParOldGen       total 31744K, used 19564K [0x00000000c1400000, 0x00000000c3300000, 0x00000000eb180000)
  object space 31744K, 61% used [0x00000000c1400000,0x00000000c271b210,0x00000000c3300000)
 Metaspace       used 33682K, capacity 35336K, committed 35496K, reserved 1079296K
  class space    used 4561K, capacity 4854K, committed 4864K, reserved 1048576K
Event: 16.155 GC heap after
Heap after GC invocations=15 (full 1):
 PSYoungGen      total 69120K, used 1609K [0x00000000eb180000, 0x00000000f0280000, 0x0000000100000000)
  eden space 62976K, 0% used [0x00000000eb180000,0x00000000eb180000,0x00000000eef00000)
  from space 6144K, 26% used [0x00000000ef780000,0x00000000ef912440,0x00000000efd80000)
  to   space 8704K, 0% used [0x00000000eef00000,0x00000000eef00000,0x00000000ef780000)
 ParOldGen       total 31744K, used 21856K [0x00000000c1400000, 0x00000000c3300000, 0x00000000eb180000)
  object space 31744K, 68% used [0x00000000c1400000,0x00000000c2958220,0x00000000c3300000)
 Metaspace       used 33682K, capacity 35336K, committed 35496K, reserved 1079296K
  class space    used 4561K, capacity 4854K, committed 4864K, reserved 1048576K
}
Event: 16.155 GC heap before
{Heap before GC invocations=16 (full 2):
 PSYoungGen      total 69120K, used 1609K [0x00000000eb180000, 0x00000000f0280000, 0x0000000100000000)
  eden space 62976K, 0% used [0x00000000eb180000,0x00000000eb180000,0x00000000eef00000)
  from space 6144K, 26% used [0x00000000ef780000,0x00000000ef912440,0x00000000efd80000)
  to   space 8704K, 0% used [0x00000000eef00000,0x00000000eef00000,0x00000000ef780000)
 ParOldGen       total 31744K, used 21856K [0x00000000c1400000, 0x00000000c3300000, 0x00000000eb180000)
  object space 31744K, 68% used [0x00000000c1400000,0x00000000c2958220,0x00000000c3300000)
 Metaspace       used 33682K, capacity 35336K, committed 35496K, reserved 1079296K
  class space    used 4561K, capacity 4854K, committed 4864K, reserved 1048576K
Event: 16.376 GC heap after
Heap after GC invocations=16 (full 2):
 PSYoungGen      total 69120K, used 0K [0x00000000eb180000, 0x00000000f0280000, 0x0000000100000000)
  eden space 62976K, 0% used [0x00000000eb180000,0x00000000eb180000,0x00000000eef00000)
  from space 6144K, 0% used [0x00000000ef780000,0x00000000ef780000,0x00000000efd80000)
  to   space 8704K, 0% used [0x00000000eef00000,0x00000000eef00000,0x00000000ef780000)
 ParOldGen       total 31744K, used 22084K [0x00000000c1400000, 0x00000000c3300000, 0x00000000eb180000)
  object space 31744K, 69% used [0x00000000c1400000,0x00000000c2991038,0x00000000c3300000)
 Metaspace       used 33682K, capacity 35336K, committed 35496K, reserved 1079296K
  class space    used 4561K, capacity 4854K, committed 4864K, reserved 1048576K
}
Event: 19.036 GC heap before
{Heap before GC invocations=17 (full 2):
 PSYoungGen      total 69120K, used 62976K [0x00000000eb180000, 0x00000000f0280000, 0x0000000100000000)
  eden space 62976K, 100% used [0x00000000eb180000,0x00000000eef00000,0x00000000eef00000)
  from space 6144K, 0% used [0x00000000ef780000,0x00000000ef780000,0x00000000efd80000)
  to   space 8704K, 0% used [0x00000000eef00000,0x00000000eef00000,0x00000000ef780000)
 ParOldGen       total 31744K, used 22084K [0x00000000c1400000, 0x00000000c3300000, 0x00000000eb180000)
  object space 31744K, 69% used [0x00000000c1400000,0x00000000c2991038,0x00000000c3300000)
 Metaspace       used 34773K, capacity 36716K, committed 36864K, reserved 1081344K
  class space    used 4734K, capacity 5097K, committed 5120K, reserved 1048576K
Event: 19.046 GC heap after
Heap after GC invocations=17 (full 2):
 PSYoungGen      total 71680K, used 3125K [0x00000000eb180000, 0x00000000f0280000, 0x0000000100000000)
  eden space 62976K, 0% used [0x00000000eb180000,0x00000000eb180000,0x00000000eef00000)
  from space 8704K, 35% used [0x00000000eef00000,0x00000000ef20d5e0,0x00000000ef780000)
  to   space 6144K, 0% used [0x00000000ef780000,0x00000000ef780000,0x00000000efd80000)
 ParOldGen       total 31744K, used 22092K [0x00000000c1400000, 0x00000000c3300000, 0x00000000eb180000)
  object space 31744K, 69% used [0x00000000c1400000,0x00000000c2993038,0x00000000c3300000)
 Metaspace       used 34773K, capacity 36716K, committed 36864K, reserved 1081344K
  class space    used 4734K, capacity 5097K, committed 5120K, reserved 1048576K
}
Event: 22.580 GC heap before
{Heap before GC invocations=18 (full 2):
 PSYoungGen      total 71680K, used 66101K [0x00000000eb180000, 0x00000000f0280000, 0x0000000100000000)
  eden space 62976K, 100% used [0x00000000eb180000,0x00000000eef00000,0x00000000eef00000)
  from space 8704K, 35% used [0x00000000eef00000,0x00000000ef20d5e0,0x00000000ef780000)
  to   space 6144K, 0% used [0x00000000ef780000,0x00000000ef780000,0x00000000efd80000)
 ParOldGen       total 31744K, used 22092K [0x00000000c1400000, 0x00000000c3300000, 0x00000000eb180000)
  object space 31744K, 69% used [0x00000000c1400000,0x00000000c2993038,0x00000000c3300000)
 Metaspace       used 36717K, capacity 38764K, committed 38912K, reserved 1083392K
  class space    used 5003K, capacity 5361K, committed 5376K, reserved 1048576K
Event: 22.590 GC heap after
Heap after GC invocations=18 (full 2):
 PSYoungGen      total 69120K, used 3634K [0x00000000eb180000, 0x00000000f0280000, 0x0000000100000000)
  eden space 62976K, 0% used [0x00000000eb180000,0x00000000eb180000,0x00000000eef00000)
  from space 6144K, 59% used [0x00000000ef780000,0x00000000efb0cb18,0x00000000efd80000)
  to   space 8704K, 0% used [0x00000000eef00000,0x00000000eef00000,0x00000000ef780000)
 ParOldGen       total 31744K, used 24368K [0x00000000c1400000, 0x00000000c3300000, 0x00000000eb180000)
  object space 31744K, 76% used [0x00000000c1400000,0x00000000c2bcc048,0x00000000c3300000)
 Metaspace       used 36717K, capacity 38764K, committed 38912K, reserved 1083392K
  class space    used 5003K, capacity 5361K, committed 5376K, reserved 1048576K
}
Event: 24.560 GC heap before
{Heap before GC invocations=19 (full 2):
 PSYoungGen      total 69120K, used 66610K [0x00000000eb180000, 0x00000000f0280000, 0x0000000100000000)
  eden space 62976K, 100% used [0x00000000eb180000,0x00000000eef00000,0x00000000eef00000)
  from space 6144K, 59% used [0x00000000ef780000,0x00000000efb0cb18,0x00000000efd80000)
  to   space 8704K, 0% used [0x00000000eef00000,0x00000000eef00000,0x00000000ef780000)
 ParOldGen       total 31744K, used 24368K [0x00000000c1400000, 0x00000000c3300000, 0x00000000eb180000)
  object space 31744K, 76% used [0x00000000c1400000,0x00000000c2bcc048,0x00000000c3300000)
 Metaspace       used 40549K, capacity 42540K, committed 42880K, reserved 1085440K
  class space    used 5542K, capacity 5901K, committed 6016K, reserved 1048576K
Event: 24.573 GC heap after
Heap after GC invocations=19 (full 2):
 PSYoungGen      total 71680K, used 7934K [0x00000000eb180000, 0x00000000f0280000, 0x0000000100000000)
  eden space 62976K, 0% used [0x00000000eb180000,0x00000000eb180000,0x00000000eef00000)
  from space 8704K, 91% used [0x00000000eef00000,0x00000000ef6bf8a8,0x00000000ef780000)
  to   space 6144K, 0% used [0x00000000ef780000,0x00000000ef780000,0x00000000efd80000)
 ParOldGen       total 31744K, used 24376K [0x00000000c1400000, 0x00000000c3300000, 0x00000000eb180000)
  object space 31744K, 76% used [0x00000000c1400000,0x00000000c2bce048,0x00000000c3300000)
 Metaspace       used 40549K, capacity 42540K, committed 42880K, reserved 1085440K
  class space    used 5542K, capacity 5901K, committed 6016K, reserved 1048576K
}

Deoptimization events (0 events):
No events

Classes redefined (0 events):
No events

Internal exceptions (10 events):
Event: 24.585 Thread 0x0000000003022800 Exception <a 'java/lang/ArrayIndexOutOfBoundsException'> (0x00000000eb2d1e90) thrown at [C:\re\workspace\8-2-build-windows-amd64-cygwin\jdk8u162\10278\hotspot\src\share\vm\runtime\sharedRuntime.cpp, line 605]
Event: 24.585 Thread 0x0000000003022800 Exception <a 'java/lang/ArrayIndexOutOfBoundsException'> (0x00000000eb2d4cf8) thrown at [C:\re\workspace\8-2-build-windows-amd64-cygwin\jdk8u162\10278\hotspot\src\share\vm\runtime\sharedRuntime.cpp, line 605]
Event: 24.586 Thread 0x0000000003022800 Exception <a 'java/lang/ArrayIndexOutOfBoundsException'> (0x00000000eb2e8488) thrown at [C:\re\workspace\8-2-build-windows-amd64-cygwin\jdk8u162\10278\hotspot\src\share\vm\runtime\sharedRuntime.cpp, line 605]
Event: 24.586 Thread 0x0000000003022800 Exception <a 'java/lang/ArrayIndexOutOfBoundsException'> (0x00000000eb2ea188) thrown at [C:\re\workspace\8-2-build-windows-amd64-cygwin\jdk8u162\10278\hotspot\src\share\vm\runtime\sharedRuntime.cpp, line 605]
Event: 24.586 Thread 0x0000000003022800 Exception <a 'java/lang/ArrayIndexOutOfBoundsException'> (0x00000000eb2efe58) thrown at [C:\re\workspace\8-2-build-windows-amd64-cygwin\jdk8u162\10278\hotspot\src\share\vm\runtime\sharedRuntime.cpp, line 605]
Event: 24.586 Thread 0x0000000003022800 Exception <a 'java/lang/ArrayIndexOutOfBoundsException'> (0x00000000eb2f2ca0) thrown at [C:\re\workspace\8-2-build-windows-amd64-cygwin\jdk8u162\10278\hotspot\src\share\vm\runtime\sharedRuntime.cpp, line 605]
Event: 24.588 Thread 0x0000000003022800 Exception <a 'java/lang/ArrayIndexOutOfBoundsException'> (0x00000000eb330508) thrown at [C:\re\workspace\8-2-build-windows-amd64-cygwin\jdk8u162\10278\hotspot\src\share\vm\runtime\sharedRuntime.cpp, line 605]
Event: 24.589 Thread 0x0000000003022800 Exception <a 'java/lang/ArrayIndexOutOfBoundsException'> (0x00000000eb332158) thrown at [C:\re\workspace\8-2-build-windows-amd64-cygwin\jdk8u162\10278\hotspot\src\share\vm\runtime\sharedRuntime.cpp, line 605]
Event: 24.589 Thread 0x0000000003022800 Exception <a 'java/lang/ArrayIndexOutOfBoundsException'> (0x00000000eb337b80) thrown at [C:\re\workspace\8-2-build-windows-amd64-cygwin\jdk8u162\10278\hotspot\src\share\vm\runtime\sharedRuntime.cpp, line 605]
Event: 24.589 Thread 0x0000000003022800 Exception <a 'java/lang/ArrayIndexOutOfBoundsException'> (0x00000000eb33a918) thrown at [C:\re\workspace\8-2-build-windows-amd64-cygwin\jdk8u162\10278\hotspot\src\share\vm\runtime\sharedRuntime.cpp, line 605]

Events (10 events):
Event: 24.544 Thread 0x0000000017479000 flushing nmethod 0x00000000039b0f10
Event: 24.545 loading class com/sun/jersey/core/spi/factory/MessageBodyFactory$2
Event: 24.545 loading class com/sun/jersey/core/spi/factory/MessageBodyFactory$2 done
Event: 24.548 loading class com/sun/jersey/core/impl/provider/entity/StreamingOutputProvider
Event: 24.548 loading class com/sun/jersey/core/impl/provider/entity/StreamingOutputProvider done
Event: 24.549 loading class javax/ws/rs/core/StreamingOutput
Event: 24.549 loading class javax/ws/rs/core/StreamingOutput done
Event: 24.560 Executing VM operation: ParallelGCFailedAllocation
Event: 24.573 Executing VM operation: ParallelGCFailedAllocation done
Event: 24.588 Thread 0x00000000176fc800 Thread added: 0x00000000176fc800


Dynamic libraries:
0x00007ff6995f0000 - 0x00007ff699627000 	D:\work\software\jdk1.8\bin\java.exe
0x00007ffcf16f0000 - 0x00007ffcf18dd000 	C:\Windows\SYSTEM32\ntdll.dll
0x00007ffcee9d0000 - 0x00007ffceea83000 	C:\Windows\System32\KERNEL32.DLL
0x00007ffced7c0000 - 0x00007ffceda53000 	C:\Windows\System32\KERNELBASE.dll
0x00007ffcee920000 - 0x00007ffcee9c3000 	C:\Windows\System32\ADVAPI32.dll
0x00007ffceeca0000 - 0x00007ffceed3e000 	C:\Windows\System32\msvcrt.dll
0x00007ffcf1410000 - 0x00007ffcf14ae000 	C:\Windows\System32\sechost.dll
0x00007ffcf1590000 - 0x00007ffcf16b2000 	C:\Windows\System32\RPCRT4.dll
0x00007ffceeeb0000 - 0x00007ffcef047000 	C:\Windows\System32\USER32.dll
0x00007ffcee810000 - 0x00007ffcee830000 	C:\Windows\System32\win32u.dll
0x00007ffcef4d0000 - 0x00007ffcef4f9000 	C:\Windows\System32\GDI32.dll
0x00007ffcee670000 - 0x00007ffcee80a000 	C:\Windows\System32\gdi32full.dll
0x00007ffcee860000 - 0x00007ffcee900000 	C:\Windows\System32\msvcp_win.dll
0x00007ffcedae0000 - 0x00007ffcedbda000 	C:\Windows\System32\ucrtbase.dll
0x00007ffcdca80000 - 0x00007ffcdccf9000 	C:\Windows\WinSxS\amd64_microsoft.windows.common-controls_6595b64144ccf1df_6.0.17763.529_none_05b84068071c8d5a\COMCTL32.dll
0x00007ffcef6c0000 - 0x00007ffcef9ec000 	C:\Windows\System32\combase.dll
0x00007ffceda60000 - 0x00007ffcedade000 	C:\Windows\System32\bcryptPrimitives.dll
0x00007ffcefaa0000 - 0x00007ffceface000 	C:\Windows\System32\IMM32.DLL
0x000000005bc00000 - 0x000000005bcd1000 	D:\work\software\jdk1.8\jre\bin\msvcr100.dll
0x000000005b360000 - 0x000000005bc00000 	D:\work\software\jdk1.8\jre\bin\server\jvm.dll
0x00007ffcf1270000 - 0x00007ffcf1278000 	C:\Windows\System32\PSAPI.DLL
0x00007ffceb420000 - 0x00007ffceb444000 	C:\Windows\SYSTEM32\WINMM.dll
0x00007ffcda1d0000 - 0x00007ffcda1d9000 	C:\Windows\SYSTEM32\WSOCK32.dll
0x00007ffcf1520000 - 0x00007ffcf158d000 	C:\Windows\System32\WS2_32.dll
0x00007ffceb080000 - 0x00007ffceb0ad000 	C:\Windows\SYSTEM32\winmmbase.dll
0x00007ffceded0000 - 0x00007ffcedf1a000 	C:\Windows\System32\cfgmgr32.dll
0x00007ffcddf20000 - 0x00007ffcddf2a000 	C:\Windows\SYSTEM32\VERSION.dll
0x000000005b350000 - 0x000000005b35f000 	D:\work\software\jdk1.8\jre\bin\verify.dll
0x000000005b320000 - 0x000000005b349000 	D:\work\software\jdk1.8\jre\bin\java.dll
0x000000005b2f0000 - 0x000000005b313000 	D:\work\software\jdk1.8\jre\bin\instrument.dll
0x000000005b2d0000 - 0x000000005b2e6000 	D:\work\software\jdk1.8\jre\bin\zip.dll
0x00007ffcefc90000 - 0x00007ffcf1180000 	C:\Windows\System32\SHELL32.dll
0x00007ffcef9f0000 - 0x00007ffcefa98000 	C:\Windows\System32\shcore.dll
0x00007ffcedf20000 - 0x00007ffcee66a000 	C:\Windows\System32\windows.storage.dll
0x00007ffced790000 - 0x00007ffced7b4000 	C:\Windows\System32\profapi.dll
0x00007ffced730000 - 0x00007ffced78d000 	C:\Windows\System32\powrprof.dll
0x00007ffcf1280000 - 0x00007ffcf12d2000 	C:\Windows\System32\shlwapi.dll
0x00007ffced710000 - 0x00007ffced721000 	C:\Windows\System32\kernel.appcore.dll
0x00007ffcee900000 - 0x00007ffcee917000 	C:\Windows\System32\cryptsp.dll
0x00007ffce3160000 - 0x00007ffce317a000 	D:\work\software\IDEA\IntelliJ IDEA 2017.3.2\bin\breakgen64.dll
0x000000005b2b0000 - 0x000000005b2ca000 	D:\work\software\jdk1.8\jre\bin\net.dll
0x00007ffcece90000 - 0x00007ffcecef7000 	C:\Windows\system32\mswsock.dll
0x000000005b2a0000 - 0x000000005b2ad000 	D:\work\software\jdk1.8\jre\bin\management.dll
0x000000005b280000 - 0x000000005b291000 	D:\work\software\jdk1.8\jre\bin\nio.dll
0x00007ffcca440000 - 0x00007ffcca456000 	C:\Windows\system32\napinsp.dll
0x00007ffcc89d0000 - 0x00007ffcc89ea000 	C:\Windows\system32\pnrpnsp.dll
0x00007ffcecc40000 - 0x00007ffcecd06000 	C:\Windows\SYSTEM32\DNSAPI.dll
0x00007ffcf1510000 - 0x00007ffcf1518000 	C:\Windows\System32\NSI.dll
0x00007ffcecc00000 - 0x00007ffcecc3d000 	C:\Windows\SYSTEM32\IPHLPAPI.DLL
0x00007ffcd07b0000 - 0x00007ffcd07be000 	C:\Windows\System32\winrnr.dll
0x00007ffce9b70000 - 0x00007ffce9b8b000 	C:\Windows\system32\NLAapi.dll
0x00007ffce2810000 - 0x00007ffce2825000 	C:\Windows\system32\wshbth.dll
0x00007ffcddb90000 - 0x00007ffcddb9a000 	C:\Windows\System32\rasadhlp.dll
0x00007ffcde380000 - 0x00007ffcde3f9000 	C:\Windows\System32\fwpuclnt.dll
0x00007ffcee830000 - 0x00007ffcee856000 	C:\Windows\System32\bcrypt.dll
0x00007ffceca60000 - 0x00007ffceca93000 	C:\Windows\system32\rsaenh.dll
0x00007ffced5f0000 - 0x00007ffced618000 	C:\Windows\SYSTEM32\USERENV.dll
0x00007ffced010000 - 0x00007ffced01c000 	C:\Windows\SYSTEM32\CRYPTBASE.dll
0x00007ffce1b40000 - 0x00007ffce1b56000 	C:\Windows\SYSTEM32\dhcpcsvc6.DLL
0x00007ffce1b20000 - 0x00007ffce1b3c000 	C:\Windows\SYSTEM32\dhcpcsvc.DLL
0x000000005b250000 - 0x000000005b274000 	D:\work\software\jdk1.8\jre\bin\sunec.dll

VM Arguments:
jvm_args: -XX:TieredStopAtLevel=1 -Xverify:none -Dspring.output.ansi.enabled=always -Dcom.sun.management.jmxremote -Dcom.sun.management.jmxremote.port=60487 -Dcom.sun.management.jmxremote.authenticate=false -Dcom.sun.management.jmxremote.ssl=false -Djava.rmi.server.hostname=localhost -Dspring.liveBeansView.mbeanDomain -Dspring.application.admin.enabled=true -javaagent:D:\work\software\IDEA\IntelliJ IDEA 2017.3.2\lib\idea_rt.jar=60488:D:\work\software\IDEA\IntelliJ IDEA 2017.3.2\bin -Dfile.encoding=UTF-8 
java_command: com.wangdatou.springclouddemo_mail.SpringclouddemoMailApplication
java_class_path (initial): D:\work\software\jdk1.8\jre\lib\charsets.jar;D:\work\software\jdk1.8\jre\lib\deploy.jar;D:\work\software\jdk1.8\jre\lib\ext\access-bridge-64.jar;D:\work\software\jdk1.8\jre\lib\ext\cldrdata.jar;D:\work\software\jdk1.8\jre\lib\ext\dnsns.jar;D:\work\software\jdk1.8\jre\lib\ext\jaccess.jar;D:\work\software\jdk1.8\jre\lib\ext\jfxrt.jar;D:\work\software\jdk1.8\jre\lib\ext\localedata.jar;D:\work\software\jdk1.8\jre\lib\ext\nashorn.jar;D:\work\software\jdk1.8\jre\lib\ext\sunec.jar;D:\work\software\jdk1.8\jre\lib\ext\sunjce_provider.jar;D:\work\software\jdk1.8\jre\lib\ext\sunmscapi.jar;D:\work\software\jdk1.8\jre\lib\ext\sunpkcs11.jar;D:\work\software\jdk1.8\jre\lib\ext\zipfs.jar;D:\work\software\jdk1.8\jre\lib\javaws.jar;D:\work\software\jdk1.8\jre\lib\jce.jar;D:\work\software\jdk1.8\jre\lib\jfr.jar;D:\work\software\jdk1.8\jre\lib\jfxswt.jar;D:\work\software\jdk1.8\jre\lib\jsse.jar;D:\work\software\jdk1.8\jre\lib\management-agent.jar;D:\work\software\jdk1.8\jre\lib\plugin.jar;D:\work\software\jdk1.8\jre\lib\resources.jar;D:\work\software\jdk1.8\jre\lib\rt.jar;D:\work\IDEA_workspace\project_cloud\springclouddemo\springclouddemo_mail\target\classes;D:\work\software\apache-maven-3.3.9\repository\org\springframework\boot\spring-boot-starter-web\2.0.3.RELEASE\spring-boot-starter-web-2.0.3.RELEASE.jar;D:\work\software\apache-maven-3.3.9\repository\org\springframework\boot\spring-boot-starter\2.0.3.RELEASE\spring-boot-starter-2.0.3.RELEASE.jar;D:\work\software\apache-maven-3.3.9\repository\org\springframework\boot\spring-boot\2.0.3.RELEASE\spring-boot-2.0.3.RELEASE.jar;D:\work\software\apache-maven-3.3.9\repository\org\springframework\boot\spring-boot-autoconfigure\2.0.3.RELEASE\spring-boot-autoconfigure-2.0.3.RELEASE.jar;D:\work\software\apache-maven-3.3.9\repository\org\springframework\boot\spring-boot-starter-logging\2.0.3.RELEASE\spring-boot-starter-logging-2.0.3.RELEASE.jar;D:\work\software\apache-maven-3.3.9\repository\ch\qos\logback\logback-cla
Launcher Type: SUN_STANDARD

Environment Variables:
JAVA_HOME=D:\work\software\jdk1.8
CLASSPATH=.;D:\work\software\jdk1.8\lib\dt.jar;D:\work\software\jdk1.8\lib\tools.jar;
PATH=C:\ProgramData\DockerDesktop\version-bin;C:\Program Files\Docker\Docker\Resources\bin;C:\ProgramData\Oracle\Java\javapath;C:\Windows\system32;C:\Windows;C:\Windows\System32\Wbem;C:\Windows\System32\WindowsPowerShell\v1.0\;C:\Windows\System32\OpenSSH\;D:\work\software\jdk1.8\bin;D:\work\software\jdk1.8\jre\bin;D:\work\software\apache-maven-3.3.9\bin;D:\work\software\mysql\bin;C:\Program Files\Git\cmd;C:\Program Files\TortoiseGit\bin;C:\Users\Administrator\AppData\Local\Microsoft\WindowsApps;C:\Users\Administrator\AppData\Local\BypassRuntm
USERNAME=Administrator
OS=Windows_NT
PROCESSOR_IDENTIFIER=Intel64 Family 6 Model 78 Stepping 3, GenuineIntel



---------------  S Y S T E M  ---------------

OS: Windows 10.0 , 64 bit Build 17763 (10.0.17763.475)

CPU:total 4 (initial active 4) (2 cores per cpu, 2 threads per core) family 6 model 78 stepping 3, cmov, cx8, fxsr, mmx, sse, sse2, sse3, ssse3, sse4.1, sse4.2, popcnt, avx, avx2, aes, clmul, erms, 3dnowpref, lzcnt, ht, tsc, tscinvbit, bmi1, bmi2, adx

Memory: 4k page, physical 4105124k(634780k free), swap 10505120k(436k free)

vm_info: Java HotSpot(TM) 64-Bit Server VM (25.162-b12) for windows-amd64 JRE (1.8.0_162-b12), built on Dec 19 2017 20:00:03 by "java_re" with MS VC++ 10.0 (VS2010)

time: Tue Sep 03 20:13:17 2019
elapsed time: 24 seconds (0d 0h 0m 24s)

